\BOOKMARK [0][-]{chapter.1}{Introducci\363n}{}% 1
\BOOKMARK [1][-]{section.1.1}{Presentaci\363n}{chapter.1}% 2
\BOOKMARK [1][-]{section.1.2}{Uso y alcance}{chapter.1}% 3
\BOOKMARK [0][-]{chapter.2}{Antecedentes}{}% 4
\BOOKMARK [1][-]{section.2.1}{Situaci\363n Actual}{chapter.2}% 5
\BOOKMARK [2][-]{subsection.2.1.1}{Pagos en ESCOM}{section.2.1}% 6
\BOOKMARK [1][-]{section.2.2}{Estado del arte}{chapter.2}% 7
\BOOKMARK [1][-]{section.2.3}{Marco Te\363rico}{chapter.2}% 8
\BOOKMARK [2][-]{subsection.2.3.1}{Aplicaci\363n Web}{section.2.3}% 9
\BOOKMARK [2][-]{subsection.2.3.2}{Aplicaci\363n m\363vil}{section.2.3}% 10
\BOOKMARK [2][-]{subsection.2.3.3}{Interfaz de Programaci\363n de Aplicaciones \(API\)}{section.2.3}% 11
\BOOKMARK [2][-]{subsection.2.3.4}{Aplicaci\363n m\363vil nativa}{section.2.3}% 12
\BOOKMARK [2][-]{subsection.2.3.5}{Aplicaciones Web sobre M\363viles}{section.2.3}% 13
\BOOKMARK [2][-]{subsection.2.3.6}{Aplicaci\363n m\363vil h\355brida}{section.2.3}% 14
\BOOKMARK [2][-]{subsection.2.3.7}{Modelo Vista Controlador \(MVC\)}{section.2.3}% 15
\BOOKMARK [2][-]{subsection.2.3.8}{Framework}{section.2.3}% 16
\BOOKMARK [2][-]{subsection.2.3.9}{Spring Boot}{section.2.3}% 17
\BOOKMARK [2][-]{subsection.2.3.10}{Struts 2}{section.2.3}% 18
\BOOKMARK [2][-]{subsection.2.3.11}{Hibernate ORM}{section.2.3}% 19
\BOOKMARK [2][-]{subsection.2.3.12}{Xamarin}{section.2.3}% 20
\BOOKMARK [2][-]{subsection.2.3.13}{PostgreSQL}{section.2.3}% 21
\BOOKMARK [0][-]{chapter.3}{An\341lisis}{}% 22
\BOOKMARK [1][-]{section.3.1}{Planteamiento del problema}{chapter.3}% 23
\BOOKMARK [1][-]{section.3.2}{Problem\341ticas actuales}{chapter.3}% 24
\BOOKMARK [1][-]{section.3.3}{Objetivo general}{chapter.3}% 25
\BOOKMARK [1][-]{section.3.4}{Objetivos particulares}{chapter.3}% 26
\BOOKMARK [1][-]{section.3.5}{Justificaci\363n}{chapter.3}% 27
\BOOKMARK [1][-]{section.3.6}{Descripci\363n de la propuesta}{chapter.3}% 28
\BOOKMARK [2][-]{subsection.3.6.1}{Alcance del proyecto}{section.3.6}% 29
\BOOKMARK [2][-]{subsection.3.6.2}{Interacci\363n con el usuario}{section.3.6}% 30
\BOOKMARK [1][-]{section.3.7}{Metodolog\355a}{chapter.3}% 31
\BOOKMARK [0][-]{chapter.4}{Trabajo realizado}{}% 32
\BOOKMARK [1][-]{section.4.1}{An\341lisis realizado}{chapter.4}% 33
\BOOKMARK [1][-]{section.4.2}{Base de datos}{chapter.4}% 34
\BOOKMARK [1][-]{section.4.3}{Casos de uso}{chapter.4}% 35
\BOOKMARK [1][-]{section.4.4}{CU1 Registrar usuario}{chapter.4}% 36
\BOOKMARK [2][-]{subsection.4.4.1}{Descripci\363n completa}{section.4.4}% 37
\BOOKMARK [2][-]{subsection.4.4.2}{Atributos importantes}{section.4.4}% 38
\BOOKMARK [2][-]{subsection.4.4.3}{Trayectorias del Caso de Uso}{section.4.4}% 39
\BOOKMARK [1][-]{section.4.5}{CU8 Visualizar servicios}{chapter.4}% 40
\BOOKMARK [2][-]{subsection.4.5.1}{Descripci\363n completa}{section.4.5}% 41
\BOOKMARK [2][-]{subsection.4.5.2}{Atributos importantes}{section.4.5}% 42
\BOOKMARK [2][-]{subsection.4.5.3}{Trayectorias del Caso de Uso}{section.4.5}% 43
\BOOKMARK [1][-]{section.4.6}{CU14 Cargar comprobante de pago}{chapter.4}% 44
\BOOKMARK [2][-]{subsection.4.6.1}{Descripci\363n completa}{section.4.6}% 45
\BOOKMARK [2][-]{subsection.4.6.2}{Atributos importantes}{section.4.6}% 46
\BOOKMARK [2][-]{subsection.4.6.3}{Trayectorias del Caso de Uso}{section.4.6}% 47
\BOOKMARK [1][-]{section.4.7}{CU34 Visualizar archivo de pagos por a\361o}{chapter.4}% 48
\BOOKMARK [2][-]{subsection.4.7.1}{Descripci\363n completa}{section.4.7}% 49
\BOOKMARK [2][-]{subsection.4.7.2}{Atributos importantes}{section.4.7}% 50
\BOOKMARK [2][-]{subsection.4.7.3}{Trayectorias del Caso de Uso}{section.4.7}% 51
\BOOKMARK [1][-]{section.4.8}{CU35 Visualizar pagos por mes}{chapter.4}% 52
\BOOKMARK [2][-]{subsection.4.8.1}{Descripci\363n completa}{section.4.8}% 53
\BOOKMARK [2][-]{subsection.4.8.2}{Atributos importantes}{section.4.8}% 54
\BOOKMARK [2][-]{subsection.4.8.3}{Trayectorias del Caso de Uso}{section.4.8}% 55
\BOOKMARK [1][-]{section.4.9}{CU36 Visualizar pagos por fecha}{chapter.4}% 56
\BOOKMARK [2][-]{subsection.4.9.1}{Descripci\363n completa}{section.4.9}% 57
\BOOKMARK [2][-]{subsection.4.9.2}{Atributos importantes}{section.4.9}% 58
\BOOKMARK [2][-]{subsection.4.9.3}{Trayectorias del Caso de Uso}{section.4.9}% 59
\BOOKMARK [0][-]{chapter.5}{Trabajo a futuro}{}% 60
\BOOKMARK [0][-]{chapter.6}{Resultados y conclusiones}{}% 61
\BOOKMARK [1][-]{section.6.1}{Resultados}{chapter.6}% 62
\BOOKMARK [1][-]{section.6.2}{Conclusiones}{chapter.6}% 63
